<?xml version="1.0" encoding="UTF-8"?>
<testsuite name="ohtu.verkkokauppa.KauppaTest" tests="8" skipped="0" failures="0" errors="0" timestamp="2020-02-06T21:19:42" hostname="Niklass-MacBook-Pro.local" time="1.066">
  <properties/>
  <testcase name="ostoksenPaaytyttyaPankinMetodiaTilisiirtoKutsutaanOikeillaParametreilla" classname="ohtu.verkkokauppa.KauppaTest" time="1.034"/>
  <testcase name="kahdenEriTuotteenOstoksenPaaytyttyaPankinMetodiaTilisiirtoKutsutaanOikeillaParametreilla" classname="ohtu.verkkokauppa.KauppaTest" time="0.003"/>
  <testcase name="ostoksenPaaytyttyaPankinMetodiaTilisiirtoKutsutaan" classname="ohtu.verkkokauppa.KauppaTest" time="0.004"/>
  <testcase name="jokainenMaksutapahtumaSaaUudenViitenumeron" classname="ohtu.verkkokauppa.KauppaTest" time="0.01"/>
  <testcase name="yhdenPuuttuvanTuotteenOstoksenPaaytyttyaPankinMetodiaTilisiirtoKutsutaanOikeillaParametreilla" classname="ohtu.verkkokauppa.KauppaTest" time="0.003"/>
  <testcase name="aloitaAsiointiNollaaEdellisetOstokset" classname="ohtu.verkkokauppa.KauppaTest" time="0.005"/>
  <testcase name="tuotteenPoistaminenKoristaAlentaaHintaa" classname="ohtu.verkkokauppa.KauppaTest" time="0.004"/>
  <testcase name="kahdenSamanTuotteenOstoksenPaaytyttyaPankinMetodiaTilisiirtoKutsutaanOikeillaParametreilla" classname="ohtu.verkkokauppa.KauppaTest" time="0.002"/>
  <system-out><![CDATA[]]></system-out>
  <system-err><![CDATA[]]></system-err>
</testsuite>
